<?xml version="1.0" encoding="UTF-8"?>
<testng-results skipped="0" failed="1" ignored="0" total="3" passed="2">
  <reporter-output>
    <line>
      <![CDATA[Clicking on login link [[ChromeDriver: chrome on WINDOWS (cd92aa805747b3a2b6c668300d745011)] -> xpath: //button[@type='submit']]]]>
    </line>
    <line>
      <![CDATA[verify text message]]>
    </line>
    <line>
      <![CDATA[Clicking on login link [[ChromeDriver: chrome on WINDOWS (891d972b00ec07dd3631199a2844d96f)] -> xpath: //button[@type='submit']]]]>
    </line>
    <line>
      <![CDATA[Clicking on login link [[ChromeDriver: chrome on WINDOWS (77db9b826d2f23cd2eca154bf05f303f)] -> xpath: //button[@type='submit']]]]>
    </line>
    <line>
      <![CDATA[verify error message]]>
    </line>
  </reporter-output>
  <suite name="testsuite" duration-ms="12542" started-at="2022-12-12T14:42:35 GMT" finished-at="2022-12-12T14:42:47 GMT">
    <groups>
      <group name="regression">
        <method signature="LoginPageTest.UserSholdLoginSuccessfullyWithValidCredentials()[pri:0, instance:com.herokuapp.internet.testsuite.LoginPageTest@536aaa8d]" name="UserSholdLoginSuccessfullyWithValidCredentials" class="com.herokuapp.internet.testsuite.LoginPageTest"/>
        <method signature="LoginPageTest.verifyThePasswordErrorMessage()[pri:0, instance:com.herokuapp.internet.testsuite.LoginPageTest@536aaa8d]" name="verifyThePasswordErrorMessage" class="com.herokuapp.internet.testsuite.LoginPageTest"/>
        <method signature="LoginPageTest.verifyTheUserNameErrorMessage()[pri:0, instance:com.herokuapp.internet.testsuite.LoginPageTest@536aaa8d]" name="verifyTheUserNameErrorMessage" class="com.herokuapp.internet.testsuite.LoginPageTest"/>
      </group> <!-- regression -->
      <group name="smoke">
        <method signature="LoginPageTest.verifyTheUserNameErrorMessage()[pri:0, instance:com.herokuapp.internet.testsuite.LoginPageTest@536aaa8d]" name="verifyTheUserNameErrorMessage" class="com.herokuapp.internet.testsuite.LoginPageTest"/>
      </group> <!-- smoke -->
      <group name="sanity">
        <method signature="LoginPageTest.UserSholdLoginSuccessfullyWithValidCredentials()[pri:0, instance:com.herokuapp.internet.testsuite.LoginPageTest@536aaa8d]" name="UserSholdLoginSuccessfullyWithValidCredentials" class="com.herokuapp.internet.testsuite.LoginPageTest"/>
      </group> <!-- sanity -->
    </groups>
    <test name="Login Test" duration-ms="12542" started-at="2022-12-12T14:42:35 GMT" finished-at="2022-12-12T14:42:47 GMT">
      <class name="com.herokuapp.internet.testsuite.LoginPageTest">
        <test-method status="PASS" signature="setUp()[pri:0, instance:com.herokuapp.internet.testsuite.LoginPageTest@536aaa8d]" name="setUp" is-config="true" duration-ms="3725" started-at="2022-12-12T14:42:35 GMT" finished-at="2022-12-12T14:42:38 GMT">
          <reporter-output>
          </reporter-output>
        </test-method> <!-- setUp -->
        <test-method status="PASS" signature="inIt()[pri:0, instance:com.herokuapp.internet.testsuite.LoginPageTest@536aaa8d]" name="inIt" is-config="true" duration-ms="18" started-at="2022-12-12T14:42:38 GMT" finished-at="2022-12-12T14:42:38 GMT">
          <reporter-output>
          </reporter-output>
        </test-method> <!-- inIt -->
        <test-method status="PASS" signature="UserSholdLoginSuccessfullyWithValidCredentials()[pri:0, instance:com.herokuapp.internet.testsuite.LoginPageTest@536aaa8d]" name="UserSholdLoginSuccessfullyWithValidCredentials" duration-ms="537" started-at="2022-12-12T14:42:38 GMT" finished-at="2022-12-12T14:42:39 GMT">
          <reporter-output>
            <line>
              <![CDATA[Clicking on login link [[ChromeDriver: chrome on WINDOWS (cd92aa805747b3a2b6c668300d745011)] -> xpath: //button[@type='submit']]]]>
            </line>
            <line>
              <![CDATA[verify text message]]>
            </line>
          </reporter-output>
        </test-method> <!-- UserSholdLoginSuccessfullyWithValidCredentials -->
        <test-method status="PASS" signature="tearDown()[pri:0, instance:com.herokuapp.internet.testsuite.LoginPageTest@536aaa8d]" name="tearDown" is-config="true" duration-ms="640" started-at="2022-12-12T14:42:39 GMT" finished-at="2022-12-12T14:42:40 GMT">
          <reporter-output>
          </reporter-output>
        </test-method> <!-- tearDown -->
        <test-method status="PASS" signature="setUp()[pri:0, instance:com.herokuapp.internet.testsuite.LoginPageTest@536aaa8d]" name="setUp" is-config="true" duration-ms="2744" started-at="2022-12-12T14:42:40 GMT" finished-at="2022-12-12T14:42:42 GMT">
          <reporter-output>
          </reporter-output>
        </test-method> <!-- setUp -->
        <test-method status="PASS" signature="inIt()[pri:0, instance:com.herokuapp.internet.testsuite.LoginPageTest@536aaa8d]" name="inIt" is-config="true" duration-ms="1" started-at="2022-12-12T14:42:42 GMT" finished-at="2022-12-12T14:42:42 GMT">
          <reporter-output>
          </reporter-output>
        </test-method> <!-- inIt -->
        <test-method status="PASS" signature="verifyThePasswordErrorMessage()[pri:0, instance:com.herokuapp.internet.testsuite.LoginPageTest@536aaa8d]" name="verifyThePasswordErrorMessage" duration-ms="472" started-at="2022-12-12T14:42:42 GMT" finished-at="2022-12-12T14:42:43 GMT">
          <reporter-output>
            <line>
              <![CDATA[Clicking on login link [[ChromeDriver: chrome on WINDOWS (891d972b00ec07dd3631199a2844d96f)] -> xpath: //button[@type='submit']]]]>
            </line>
          </reporter-output>
        </test-method> <!-- verifyThePasswordErrorMessage -->
        <test-method status="PASS" signature="tearDown()[pri:0, instance:com.herokuapp.internet.testsuite.LoginPageTest@536aaa8d]" name="tearDown" is-config="true" duration-ms="627" started-at="2022-12-12T14:42:43 GMT" finished-at="2022-12-12T14:42:43 GMT">
          <reporter-output>
          </reporter-output>
        </test-method> <!-- tearDown -->
        <test-method status="PASS" signature="setUp()[pri:0, instance:com.herokuapp.internet.testsuite.LoginPageTest@536aaa8d]" name="setUp" is-config="true" duration-ms="2607" started-at="2022-12-12T14:42:43 GMT" finished-at="2022-12-12T14:42:46 GMT">
          <reporter-output>
          </reporter-output>
        </test-method> <!-- setUp -->
        <test-method status="PASS" signature="inIt()[pri:0, instance:com.herokuapp.internet.testsuite.LoginPageTest@536aaa8d]" name="inIt" is-config="true" duration-ms="1" started-at="2022-12-12T14:42:46 GMT" finished-at="2022-12-12T14:42:46 GMT">
          <reporter-output>
          </reporter-output>
        </test-method> <!-- inIt -->
        <test-method status="FAIL" signature="verifyTheUserNameErrorMessage()[pri:0, instance:com.herokuapp.internet.testsuite.LoginPageTest@536aaa8d]" name="verifyTheUserNameErrorMessage" duration-ms="489" started-at="2022-12-12T14:42:46 GMT" finished-at="2022-12-12T14:42:47 GMT">
          <exception class="java.lang.AssertionError">
            <message>
              <![CDATA[null]]>
            </message>
            <full-stacktrace>
              <![CDATA[java.lang.AssertionError: null
at org.testng.Assert.fail(Assert.java:110)
at org.testng.Assert.fail(Assert.java:115)
at com.herokuapp.internet.testsuite.LoginPageTest.verifyTheUserNameErrorMessage(LoginPageTest.java:37)
at sun.reflect.NativeMethodAccessorImpl.invoke0(Native Method)
at sun.reflect.NativeMethodAccessorImpl.invoke(NativeMethodAccessorImpl.java:62)
at sun.reflect.DelegatingMethodAccessorImpl.invoke(DelegatingMethodAccessorImpl.java:43)
at java.lang.reflect.Method.invoke(Method.java:498)
at org.testng.internal.invokers.MethodInvocationHelper.invokeMethod(MethodInvocationHelper.java:135)
at org.testng.internal.invokers.TestInvoker.invokeMethod(TestInvoker.java:673)
at org.testng.internal.invokers.TestInvoker.invokeTestMethod(TestInvoker.java:220)
at org.testng.internal.invokers.MethodRunner.runInSequence(MethodRunner.java:50)
at org.testng.internal.invokers.TestInvoker$MethodInvocationAgent.invoke(TestInvoker.java:945)
at org.testng.internal.invokers.TestInvoker.invokeTestMethods(TestInvoker.java:193)
at org.testng.internal.invokers.TestMethodWorker.invokeTestMethods(TestMethodWorker.java:146)
at org.testng.internal.invokers.TestMethodWorker.run(TestMethodWorker.java:128)
at java.util.ArrayList.forEach(ArrayList.java:1249)
at org.testng.TestRunner.privateRun(TestRunner.java:808)
at org.testng.TestRunner.run(TestRunner.java:603)
at org.testng.SuiteRunner.runTest(SuiteRunner.java:429)
at org.testng.SuiteRunner.runSequentially(SuiteRunner.java:423)
at org.testng.SuiteRunner.privateRun(SuiteRunner.java:383)
at org.testng.SuiteRunner.run(SuiteRunner.java:326)
at org.testng.SuiteRunnerWorker.runSuite(SuiteRunnerWorker.java:52)
at org.testng.SuiteRunnerWorker.run(SuiteRunnerWorker.java:95)
at org.testng.TestNG.runSuitesSequentially(TestNG.java:1249)
at org.testng.TestNG.runSuitesLocally(TestNG.java:1169)
at org.testng.TestNG.runSuites(TestNG.java:1092)
at org.testng.TestNG.run(TestNG.java:1060)
at com.intellij.rt.testng.IDEARemoteTestNG.run(IDEARemoteTestNG.java:66)
at com.intellij.rt.testng.RemoteTestNGStarter.main(RemoteTestNGStarter.java:109)
]]>
            </full-stacktrace>
          </exception> <!-- java.lang.AssertionError -->
          <reporter-output>
            <line>
              <![CDATA[Clicking on login link [[ChromeDriver: chrome on WINDOWS (77db9b826d2f23cd2eca154bf05f303f)] -> xpath: //button[@type='submit']]]]>
            </line>
            <line>
              <![CDATA[verify error message]]>
            </line>
          </reporter-output>
        </test-method> <!-- verifyTheUserNameErrorMessage -->
        <test-method status="PASS" signature="tearDown()[pri:0, instance:com.herokuapp.internet.testsuite.LoginPageTest@536aaa8d]" name="tearDown" is-config="true" duration-ms="635" started-at="2022-12-12T14:42:47 GMT" finished-at="2022-12-12T14:42:47 GMT">
          <reporter-output>
          </reporter-output>
        </test-method> <!-- tearDown -->
      </class> <!-- com.herokuapp.internet.testsuite.LoginPageTest -->
    </test> <!-- Login Test -->
  </suite> <!-- testsuite -->
</testng-results>
